Running: C:\Xilinx\14.7\ISE_DS\ISE\bin\nt64\unwrapped\fuse.exe -intstyle ise -incremental -lib unisims_ver -lib unimacro_ver -lib xilinxcorelib_ver -o C:/Users/GSejas/Dropbox/Lab digitales/New/PruebaSPI/Prueba_PruebaSPITx_isim_beh.exe -prj C:/Users/GSejas/Dropbox/Lab digitales/New/PruebaSPI/Prueba_PruebaSPITx_beh.prj work.Prueba_PruebaSPITx work.glbl 
ISim P.20131013 (signature 0x7708f090)
Number of CPUs detected in this system: 4
Turning on mult-threading, number of parallel sub-compilation jobs: 8 
Determining compilation order of HDL files
Analyzing Verilog file "C:/Users/GSejas/Dropbox/Lab digitales/New/PruebaSPI/ShiftRegSIPOIzq.v" into library work
Analyzing Verilog file "C:/Users/GSejas/Dropbox/Lab digitales/New/PruebaSPI/ShiftRegPISOIzq.v" into library work
Analyzing Verilog file "C:/Users/GSejas/Dropbox/Lab digitales/New/PruebaSPI/FSMFLancos.v" into library work
Analyzing Verilog file "C:/Users/GSejas/Dropbox/Lab digitales/New/PruebaSPI/DetectorFlancos.v" into library work
Analyzing Verilog file "C:/Users/GSejas/Dropbox/Lab digitales/New/PruebaSPI/Conta6b.v" into library work
Analyzing Verilog file "C:/Users/GSejas/Dropbox/Lab digitales/New/PruebaSPI/Conta3b.v" into library work
Analyzing Verilog file "C:/Users/GSejas/Dropbox/Lab digitales/New/PruebaSPI/SPISegmentoControlado.v" into library work
Analyzing Verilog file "C:/Users/GSejas/Dropbox/Lab digitales/New/PruebaSPI/Reg8b.v" into library work
Analyzing Verilog file "C:/Users/GSejas/Dropbox/Lab digitales/New/PruebaSPI/FSMPrincipalSPI.v" into library work
Analyzing Verilog file "C:/Users/GSejas/Dropbox/Lab digitales/New/PruebaSPI/Conta2b.v" into library work
Analyzing Verilog file "C:/Users/GSejas/Dropbox/Lab digitales/New/PruebaSPI/SPIController.v" into library work
Analyzing Verilog file "C:/Users/GSejas/Dropbox/Lab digitales/New/PruebaSPI/async.v" into library work
Analyzing Verilog file "C:/Users/GSejas/Dropbox/Lab digitales/New/PruebaSPI/asd.v" into library work
Analyzing Verilog file "C:/Users/GSejas/Dropbox/Lab digitales/New/PruebaSPI/UARTTransmiter.v" into library work
Analyzing Verilog file "C:/Users/GSejas/Dropbox/Lab digitales/New/PruebaSPI/Prueba_PruebaSPITx.v" into library work
Analyzing Verilog file "C:/Xilinx/14.7/ISE_DS/ISE//verilog/src/glbl.v" into library work
Starting static elaboration
Completed static elaboration
Compiling module Conta18b
Compiling module BaudTickGen(ClkFrequency=5000000...
Compiling module async_transmitter_default
Compiling module Reg8b
Compiling module Conta2b
Compiling module FSMFLancos
Compiling module DetectorFlancos
Compiling module Conta3b
Compiling module Conta6b
Compiling module ShiftRegPISOIzq
Compiling module ShiftRegSIPOIzq
Compiling module SPISegmentoControlado
Compiling module FSMPrincipalSPI
Compiling module SPIController
Compiling module UARTTransmiter
Compiling module Prueba_PruebaSPITx
Compiling module glbl
Time Resolution for simulation is 1ps.
Waiting for 10 sub-compilation(s) to finish...
Compiled 17 Verilog Units
Built simulation executable C:/Users/GSejas/Dropbox/Lab digitales/New/PruebaSPI/Prueba_PruebaSPITx_isim_beh.exe
Fuse Memory Usage: 27712 KB
Fuse CPU Usage: 529 ms
